(---------------------------------------------------------------------)
(                                                                     )
(    Auto Silkscreen Log File                                         )
(                                                                     )
(    Drawing          : brd_tile_bridge.brd                           )
(    Software Version : 17.4S027                                      )
(    Date/Time        : Wed Nov 29 10:28:42 2023                      )
(                                                                     )
(---------------------------------------------------------------------)


Generating Auto Silkscreen for the bottom of the board.

Copying geometric elements.

Element to Pad clearance is 0.0
Max Text displacement is 100.0
Min Line Length is 0.0
Allowing 0, 90, 180 and 270 degree text rotations.
Text Allowed Under Components.
Subclass Selections:
 Board Geometry       : Silkscreen
 Component Value      : Silkscreen
 Device Type          : Silkscreen
 Package Geometry     : Silkscreen
 Reference Designator : Silkscreen
 Tolerance            : Silkscreen
 User Part Number     : Silkscreen


Total Failures: 0

Log End

