(---------------------------------------------------------------------)
(                                                                     )
(    Allegro Netrev Import Logic                                      )
(                                                                     )
(    Drawing          : brd_tilebridge.brd                            )
(    Software Version : 17.4S027                                      )
(    Date/Time        : Mon Nov 27 16:25:12 2023                      )
(                                                                     )
(---------------------------------------------------------------------)


------ Directives ------------

Ripup etch:                  No
Ripup delete first segment:  No
Ripup retain bondwire:       No
Ripup symbols:               Always
Missing symbol has error:    No
DRC update:                  Yes
Schematic directory:         'C:/projects/Mosac/brd_tilebridge/sch/Allegro'
Design Directory:            'C:/projects/Mosac/brd_tilebridge/layout'
Old design name:             'C:/projects/Mosac/brd_tilebridge/layout/brd_tilebridge.brd'
New design name:             'C:/projects/Mosac/brd_tilebridge/layout/brd_tilebridge.brd'

CmdLine: netrev -$ -i C:/projects/Mosac/brd_tilebridge/sch/Allegro -y 1 -h -q netrev_constraint_report.xml C:/projects/Mosac/brd_tilebridge/layout/#Taaaabr28608.tmp

------ Preparing to read pst files ------

Starting to read C:/projects/Mosac/brd_tilebridge/sch/Allegro/pstchip.dat 
   Finished reading C:/projects/Mosac/brd_tilebridge/sch/Allegro/pstchip.dat (00:00:00.01)
Starting to read C:/projects/Mosac/brd_tilebridge/sch/Allegro/pstxprt.dat 
   Finished reading C:/projects/Mosac/brd_tilebridge/sch/Allegro/pstxprt.dat (00:00:00.00)
Starting to read C:/projects/Mosac/brd_tilebridge/sch/Allegro/pstxnet.dat 
   Finished reading C:/projects/Mosac/brd_tilebridge/sch/Allegro/pstxnet.dat (00:00:00.00)

------ Oversights/Warnings/Errors ------


------ Library Paths ------
MODULEPATH =  . 
           c:/cadence/spb_17.4/share/local/pcb/modules 

PSMPATH =  . 
           symbols 
           .. 
           ../symbols 
           c:/cadence/spb_17.4/share/local/pcb/symbols 
           c:/cadence/spb_17.4/share/pcb/pcb_lib/symbols 
           c:/cadence/spb_17.4/share/pcb/allegrolib/symbols 

PADPATH =  C:/Cadence/SPB_17.4/share/local/pcb/symbols 
           . 
           symbols 
           .. 
           ../symbols 
           c:/cadence/spb_17.4/share/local/pcb/padstacks 
           c:/cadence/spb_17.4/share/pcb/pcb_lib/symbols 
           c:/cadence/spb_17.4/share/pcb/allegrolib/symbols 


------ Summary Statistics ------


netrev run on Nov 27 16:25:12 2023
   DESIGN NAME : 'TILEBRIDGE'
   PACKAGING ON Feb  5 2022 22:35:48

   COMPILE 'logic'
   CHECK_PIN_NAMES OFF
   CROSS_REFERENCE OFF
   FEEDBACK OFF
   INCREMENTAL OFF
   INTERFACE_TYPE PHYSICAL
   MAX_ERRORS 500
   MERGE_MINIMUM 5
   NET_NAME_CHARS '#%&()*+-./:=>?@[]^_`|'
   NET_NAME_LENGTH 24
   OVERSIGHTS ON
   REPLACE_CHECK OFF
   SINGLE_NODE_NETS ON
   SPLIT_MINIMUM 0
   SUPPRESS   20
   WARNINGS ON

 No error detected
 No oversight detected
 No warning detected

cpu time      0:00:16
elapsed time  0:00:00

