(---------------------------------------------------------------------)
(                                                                     )
(    ARTWORK LOG                                                      )
(                                                                     )
(    Drawing          : brd_tile_bridge.brd                           )
(    Software Version : 17.4S027                                      )
(    Date/Time        : Wed Nov 29 10:55:48 2023                      )
(                                                                     )
(---------------------------------------------------------------------)


 ---- Photoplot outline rectangle not found; using drawing extents.




 Can't open parameter file ... using default values:
     DEVICE-TYPE        GERBER6X00
     G-CODES            NO
     STATIONS-PER-WHEEL 24
     FILM-SIZE          24000 16000
     COORDINATES        ABSOLUTE
     OUTPUT-UNITS       INCHES
     FORMAT             5.3
     ABORT-ON-ERROR     abort film & continue
     SUPPRESS-LEAD-ZEROES     YES
     SUPPRESS-TRAIL-ZEROES    NO
     OPTIMIZE           YES
     SUPPRESS-EQUAL     YES
     SCALE              1.0





================================================================
     PROCESSING FILM < BSILK >
     TO FILE < C:/projects/Mosac/brd_tilebridge/layout/BSILK.art > ...
================================================================

  FILM PARAMETERS :
  ---------------------------------------------------------
  Undefined line width                3.0 MIL
  Suppress shape fill on neg film     NO
  Mirror code                         NONE
  Rotate angle                        NONE
  Offset x:                           0.0
  Offset y:                           0.0
  Plot negative                       NO
  Suppress unconnected internal pads  NO
  Draw holes only                     NO

    WARNING: 0 width line found at (1348.0 381.3) in MIL
           ... using undefined line width of 3.0 MIL

    WARNING: Multiple 0 width lines; all will be treated the same as the first.
           ... using undefined line width of 3.0 MIL

    WARNING: text composed 0 width line found at (180.0 -190.0) in MIL
           ... using undefined line width of 3.0 MIL

    WARNING: text having Multiple 0 width lines; all will be treated the same as the first.
           ... using undefined line width of 3.0 MIL



  APERTURES USED (UNIT = IN):
  ---------------------------------------------------------
  TYPE       SIZE/NAME                   ROT   MIRROR MODE 
  ---------------------------------------------------------
  CIRCLE     0.00300                                  DARK 

     BSILK created with warnings


------------------------------------------------------
 SUMMARY:
        BSILK created with warnings

 ARTWORK had warnings
